
> barbershop@0.1.0 dev
> next dev

▲ Next.js 16.2.6 (Turbopack)
- Local:         http://localhost:3000
- Network:       http://192.168.0.2:3000
- Environments: .env
✓ Ready in 816ms
Attention: Next.js now collects completely anonymous telemetry regarding usage.
This information is used to shape Next.js' roadmap and prioritize features.
You can learn more, including how to opt-out if you'd not like to participate in this anonymous program, by visiting the following URL:
https://nextjs.org/telemetry

⚠ The "middleware" file convention is deprecated. Please use "proxy" instead. Learn more: https://nextjs.org/docs/messages/middleware-to-proxy

○ Compiling / ...
 GET / 200 in 4.3s (next.js: 4.0s, application-code: 304ms)
⨯ ./src/app/page.tsx:4:1
Module not found: Can't resolve '@/components/FadeIn'
  [90m2 |[0m [36mimport[0m [33mLink[0m [36mfrom[0m [32m'next/link'[0m
  [90m3 |[0m [36mimport[0m { [33mStar[0m, [33mPhone[0m, [33mMapPin[0m, [33mClock[0m, [33mInstagram[0m, [33mScissors[0m } [36mfrom[0m [32m'lucide-react'[0m
[31m[1m>[0m [90m4 |[0m [36mimport[0m [33mFadeIn[0m [36mfrom[0m [32m'@/components/FadeIn'[0m
  [90m  |[0m [31m[1m^^^^^^^^^^^^^^^^^^^^^^^^^^^^^^^^^^^^^^^^[0m
  [90m5 |[0m
  [90m6 |[0m [36mexport[0m [36mdefault[0m [36masync[0m [36mfunction[0m [33mHomePage[0m() {
  [90m7 |[0m   [36mconst[0m barbers = [36mawait[0m prisma.barber.findMany()

Import map: aliased to relative './src/components/FadeIn' inside of [project]/


https://nextjs.org/docs/messages/module-not-found


⨯ ./src/app/page.tsx:4:1
Module not found: Can't resolve '@/components/FadeIn'
  [90m2 |[0m [36mimport[0m [33mLink[0m [36mfrom[0m [32m'next/link'[0m
  [90m3 |[0m [36mimport[0m { [33mStar[0m, [33mPhone[0m, [33mMapPin[0m, [33mClock[0m, [33mInstagram[0m, [33mScissors[0m } [36mfrom[0m [32m'lucide-react'[0m
[31m[1m>[0m [90m4 |[0m [36mimport[0m [33mFadeIn[0m [36mfrom[0m [32m'@/components/FadeIn'[0m
  [90m  |[0m [31m[1m^^^^^^^^^^^^^^^^^^^^^^^^^^^^^^^^^^^^^^^^[0m
  [90m5 |[0m
  [90m6 |[0m [36mexport[0m [36mdefault[0m [36masync[0m [36mfunction[0m [33mHomePage[0m() {
  [90m7 |[0m   [36mconst[0m barbers = [36mawait[0m prisma.barber.findMany()

Import map: aliased to relative './src/components/FadeIn' inside of [project]/


https://nextjs.org/docs/messages/module-not-found


⨯ ./src/app/page.tsx:4:1
Module not found: Can't resolve '@/components/FadeIn'
  [90m2 |[0m [36mimport[0m [33mLink[0m [36mfrom[0m [32m'next/link'[0m
  [90m3 |[0m [36mimport[0m { [33mStar[0m, [33mPhone[0m, [33mMapPin[0m, [33mClock[0m, [33mInstagram[0m, [33mScissors[0m } [36mfrom[0m [32m'lucide-react'[0m
[31m[1m>[0m [90m4 |[0m [36mimport[0m [33mFadeIn[0m [36mfrom[0m [32m'@/components/FadeIn'[0m
  [90m  |[0m [31m[1m^^^^^^^^^^^^^^^^^^^^^^^^^^^^^^^^^^^^^^^^[0m
  [90m5 |[0m
  [90m6 |[0m [36mexport[0m [36mdefault[0m [36masync[0m [36mfunction[0m [33mHomePage[0m() {
  [90m7 |[0m   [36mconst[0m barbers = [36mawait[0m prisma.barber.findMany()

Import map: aliased to relative './src/components/FadeIn' inside of [project]/


https://nextjs.org/docs/messages/module-not-found



./src/app/page.tsx:3:1
Export Instagram doesn't exist in target module
  [90m1 |[0m [36mimport[0m { prisma } [36mfrom[0m [32m'@/lib/prisma'[0m
  [90m2 |[0m [36mimport[0m [33mLink[0m [36mfrom[0m [32m'next/link'[0m
[31m[1m>[0m [90m3 |[0m [36mimport[0m { [33mStar[0m, [33mPhone[0m, [33mMapPin[0m, [33mClock[0m, [33mInstagram[0m, [33mScissors[0m } [36mfrom[0m [32m'lucide-react'[0m
  [90m  |[0m [31m[1m^^^^^^^^^^^^^^^^^^^^^^^^^^^^^^^^^^^^^^^^^^^^^^^^^^^^^^^^^^^^^^^^^^^^^^^^^^^^^^[0m
  [90m4 |[0m [36mimport[0m [33mFadeIn[0m [36mfrom[0m [32m'@/components/FadeIn'[0m
  [90m5 |[0m
  [90m6 |[0m [36mexport[0m [36mdefault[0m [36masync[0m [36mfunction[0m [33mHomePage[0m() {

The export Instagram was not found in module [project]/node_modules/lucide-react/dist/esm/lucide-react.mjs [app-rsc] (ecmascript).
Did you mean to import Star?
All exports of the module are statically known (It doesn't have dynamic exports). So it's known statically that the requested export doesn't exist.


 GET / 500 in 2.1s (next.js: 1798ms, application-code: 267ms)
[browser] Uncaught Error: ./src/app/page.tsx:4:1
Module not found: Can't resolve '@/components/FadeIn'
  2 | import Link from 'next/link'
  3 | import { Star, Phone, MapPin, Clock, Instagram, Scissors } from 'lucide-react'
> 4 | import FadeIn from '@/components/FadeIn'
    | ^^^^^^^^^^^^^^^^^^^^^^^^^^^^^^^^^^^^^^^^
  5 |
  6 | export default async function HomePage() {
  7 |   const barbers = await prisma.barber.findMany()

Import map: aliased to relative './src/components/FadeIn' inside of [project]/


https://nextjs.org/docs/messages/module-not-found


    at <unknown> (Error: ./src/app/page.tsx:4:1)
    at <unknown> (https://nextjs.org/docs/messages/module-not-found)
    at <unknown> (Error: (./src/app/page.tsx:4:1)
    at <unknown> (https://nextjs.org/docs/messages/module-not-found)
[browser] ./src/app/page.tsx:4:1
Module not found: Can't resolve '@/components/FadeIn'
  2 | import Link from 'next/link'
  3 | import { Star, Phone, MapPin, Clock, Instagram, Scissors } from 'lucide-react'
> 4 | import FadeIn from '@/components/FadeIn'
    | ^^^^^^^^^^^^^^^^^^^^^^^^^^^^^^^^^^^^^^^^
  5 |
  6 | export default async function HomePage() {
  7 |   const barbers = await prisma.barber.findMany()

Import map: aliased to relative './src/components/FadeIn' inside of [project]/

https://nextjs.org/docs/messages/module-not-found 
[browser] ./src/app/page.tsx:3:1
Export Instagram doesn't exist in target module
  1 | import { prisma } from '@/lib/prisma'
  2 | import Link from 'next/link'
> 3 | import { Star, Phone, MapPin, Clock, Instagram, Scissors } from 'lucide-react'
    | ^^^^^^^^^^^^^^^^^^^^^^^^^^^^^^^^^^^^^^^^^^^^^^^^^^^^^^^^^^^^^^^^^^^^^^^^^^^^^^
  4 | import FadeIn from '@/components/FadeIn'
  5 |
  6 | export default async function HomePage() {

The export Instagram was not found in module [project]/node_modules/lucide-react/dist/esm/lucide-react.mjs [app-rsc] (ecmascript).
Did you mean to import Star?
All exports of the module are statically known (It doesn't have dynamic exports). So it's known statically that the requested export doesn't exist. 
[browser] ./src/app/page.tsx:4:1
Module not found: Can't resolve '@/components/FadeIn'
  2 | import Link from 'next/link'
  3 | import { Star, Phone, MapPin, Clock, Instagram, Scissors } from 'lucide-react'
> 4 | import FadeIn from '@/components/FadeIn'
    | ^^^^^^^^^^^^^^^^^^^^^^^^^^^^^^^^^^^^^^^^
  5 |
  6 | export default async function HomePage() {
  7 |   const barbers = await prisma.barber.findMany()

Import map: aliased to relative './src/components/FadeIn' inside of [project]/

https://nextjs.org/docs/messages/module-not-found 
[browser] ./src/app/page.tsx:3:1
Export Instagram doesn't exist in target module
  1 | import { prisma } from '@/lib/prisma'
  2 | import Link from 'next/link'
> 3 | import { Star, Phone, MapPin, Clock, Instagram, Scissors } from 'lucide-react'
    | ^^^^^^^^^^^^^^^^^^^^^^^^^^^^^^^^^^^^^^^^^^^^^^^^^^^^^^^^^^^^^^^^^^^^^^^^^^^^^^
  4 | import FadeIn from '@/components/FadeIn'
  5 |
  6 | export default async function HomePage() {

The export Instagram was not found in module [project]/node_modules/lucide-react/dist/esm/lucide-react.mjs [app-rsc] (ecmascript).
Did you mean to import Star?
All exports of the module are statically known (It doesn't have dynamic exports). So it's known statically that the requested export doesn't exist. 
[browser] ./src/app/page.tsx:4:1
Module not found: Can't resolve '@/components/FadeIn'
  2 | import Link from 'next/link'
  3 | import { Star, Phone, MapPin, Clock, Instagram, Scissors } from 'lucide-react'
> 4 | import FadeIn from '@/components/FadeIn'
    | ^^^^^^^^^^^^^^^^^^^^^^^^^^^^^^^^^^^^^^^^
  5 |
  6 | export default async function HomePage() {
  7 |   const barbers = await prisma.barber.findMany()

Import map: aliased to relative './src/components/FadeIn' inside of [project]/

https://nextjs.org/docs/messages/module-not-found 
[browser] ./src/app/page.tsx:3:1
Export Instagram doesn't exist in target module
  1 | import { prisma } from '@/lib/prisma'
  2 | import Link from 'next/link'
> 3 | import { Star, Phone, MapPin, Clock, Instagram, Scissors } from 'lucide-react'
    | ^^^^^^^^^^^^^^^^^^^^^^^^^^^^^^^^^^^^^^^^^^^^^^^^^^^^^^^^^^^^^^^^^^^^^^^^^^^^^^
  4 | import FadeIn from '@/components/FadeIn'
  5 |
  6 | export default async function HomePage() {

The export Instagram was not found in module [project]/node_modules/lucide-react/dist/esm/lucide-react.mjs [app-rsc] (ecmascript).
Did you mean to import Star?
All exports of the module are statically known (It doesn't have dynamic exports). So it's known statically that the requested export doesn't exist. 
[browser] ./src/app/page.tsx:4:1
Module not found: Can't resolve '@/components/FadeIn'
  2 | import Link from 'next/link'
  3 | import { Star, Phone, MapPin, Clock, Instagram, Scissors } from 'lucide-react'
> 4 | import FadeIn from '@/components/FadeIn'
    | ^^^^^^^^^^^^^^^^^^^^^^^^^^^^^^^^^^^^^^^^
  5 |
  6 | export default async function HomePage() {
  7 |   const barbers = await prisma.barber.findMany()

Import map: aliased to relative './src/components/FadeIn' inside of [project]/

https://nextjs.org/docs/messages/module-not-found 
[browser] ./src/app/page.tsx:3:1
Export Instagram doesn't exist in target module
  1 | import { prisma } from '@/lib/prisma'
  2 | import Link from 'next/link'
> 3 | import { Star, Phone, MapPin, Clock, Instagram, Scissors } from 'lucide-react'
    | ^^^^^^^^^^^^^^^^^^^^^^^^^^^^^^^^^^^^^^^^^^^^^^^^^^^^^^^^^^^^^^^^^^^^^^^^^^^^^^
  4 | import FadeIn from '@/components/FadeIn'
  5 |
  6 | export default async function HomePage() {

The export Instagram was not found in module [project]/node_modules/lucide-react/dist/esm/lucide-react.mjs [app-rsc] (ecmascript).
Did you mean to import Star?
All exports of the module are statically known (It doesn't have dynamic exports). So it's known statically that the requested export doesn't exist. 
 GET /booking 500 in 551ms (next.js: 530ms, application-code: 22ms)
[browser] Uncaught Error: ./src/app/page.tsx:4:1
Module not found: Can't resolve '@/components/FadeIn'
  2 | import Link from 'next/link'
  3 | import { Star, Phone, MapPin, Clock, Instagram, Scissors } from 'lucide-react'
> 4 | import FadeIn from '@/components/FadeIn'
    | ^^^^^^^^^^^^^^^^^^^^^^^^^^^^^^^^^^^^^^^^
  5 |
  6 | export default async function HomePage() {
  7 |   const barbers = await prisma.barber.findMany()

Import map: aliased to relative './src/components/FadeIn' inside of [project]/


https://nextjs.org/docs/messages/module-not-found


    at <unknown> (Error: ./src/app/page.tsx:4:1)
    at <unknown> (https://nextjs.org/docs/messages/module-not-found)
    at <unknown> (Error: (./src/app/page.tsx:4:1)
    at <unknown> (https://nextjs.org/docs/messages/module-not-found)
[browser] ./src/app/page.tsx:4:1
Module not found: Can't resolve '@/components/FadeIn'
  2 | import Link from 'next/link'
  3 | import { Star, Phone, MapPin, Clock, Instagram, Scissors } from 'lucide-react'
> 4 | import FadeIn from '@/components/FadeIn'
    | ^^^^^^^^^^^^^^^^^^^^^^^^^^^^^^^^^^^^^^^^
  5 |
  6 | export default async function HomePage() {
  7 |   const barbers = await prisma.barber.findMany()

Import map: aliased to relative './src/components/FadeIn' inside of [project]/

https://nextjs.org/docs/messages/module-not-found 
[browser] ./src/app/page.tsx:3:1
Export Instagram doesn't exist in target module
  1 | import { prisma } from '@/lib/prisma'
  2 | import Link from 'next/link'
> 3 | import { Star, Phone, MapPin, Clock, Instagram, Scissors } from 'lucide-react'
    | ^^^^^^^^^^^^^^^^^^^^^^^^^^^^^^^^^^^^^^^^^^^^^^^^^^^^^^^^^^^^^^^^^^^^^^^^^^^^^^
  4 | import FadeIn from '@/components/FadeIn'
  5 |
  6 | export default async function HomePage() {

The export Instagram was not found in module [project]/node_modules/lucide-react/dist/esm/lucide-react.mjs [app-rsc] (ecmascript).
Did you mean to import Star?
All exports of the module are statically known (It doesn't have dynamic exports). So it's known statically that the requested export doesn't exist. 
[browser] ./src/app/page.tsx:4:1
Module not found: Can't resolve '@/components/FadeIn'
  2 | import Link from 'next/link'
  3 | import { Star, Phone, MapPin, Clock, Instagram, Scissors } from 'lucide-react'
> 4 | import FadeIn from '@/components/FadeIn'
    | ^^^^^^^^^^^^^^^^^^^^^^^^^^^^^^^^^^^^^^^^
  5 |
  6 | export default async function HomePage() {
  7 |   const barbers = await prisma.barber.findMany()

Import map: aliased to relative './src/components/FadeIn' inside of [project]/

https://nextjs.org/docs/messages/module-not-found 
[browser] ./src/app/page.tsx:3:1
Export Instagram doesn't exist in target module
  1 | import { prisma } from '@/lib/prisma'
  2 | import Link from 'next/link'
> 3 | import { Star, Phone, MapPin, Clock, Instagram, Scissors } from 'lucide-react'
    | ^^^^^^^^^^^^^^^^^^^^^^^^^^^^^^^^^^^^^^^^^^^^^^^^^^^^^^^^^^^^^^^^^^^^^^^^^^^^^^
  4 | import FadeIn from '@/components/FadeIn'
  5 |
  6 | export default async function HomePage() {

The export Instagram was not found in module [project]/node_modules/lucide-react/dist/esm/lucide-react.mjs [app-rsc] (ecmascript).
Did you mean to import Star?
All exports of the module are statically known (It doesn't have dynamic exports). So it's known statically that the requested export doesn't exist. 
 GET /admin/login 500 in 699ms (next.js: 552ms, proxy.ts: 123ms, application-code: 24ms)
[browser] Uncaught Error: ./src/app/page.tsx:4:1
Module not found: Can't resolve '@/components/FadeIn'
  2 | import Link from 'next/link'
  3 | import { Star, Phone, MapPin, Clock, Instagram, Scissors } from 'lucide-react'
> 4 | import FadeIn from '@/components/FadeIn'
    | ^^^^^^^^^^^^^^^^^^^^^^^^^^^^^^^^^^^^^^^^
  5 |
  6 | export default async function HomePage() {
  7 |   const barbers = await prisma.barber.findMany()

Import map: aliased to relative './src/components/FadeIn' inside of [project]/


https://nextjs.org/docs/messages/module-not-found


    at <unknown> (Error: ./src/app/page.tsx:4:1)
    at <unknown> (https://nextjs.org/docs/messages/module-not-found)
    at <unknown> (Error: (./src/app/page.tsx:4:1)
    at <unknown> (https://nextjs.org/docs/messages/module-not-found)
[browser] ./src/app/page.tsx:4:1
Module not found: Can't resolve '@/components/FadeIn'
  2 | import Link from 'next/link'
  3 | import { Star, Phone, MapPin, Clock, Instagram, Scissors } from 'lucide-react'
> 4 | import FadeIn from '@/components/FadeIn'
    | ^^^^^^^^^^^^^^^^^^^^^^^^^^^^^^^^^^^^^^^^
  5 |
  6 | export default async function HomePage() {
  7 |   const barbers = await prisma.barber.findMany()

Import map: aliased to relative './src/components/FadeIn' inside of [project]/

https://nextjs.org/docs/messages/module-not-found 
[browser] ./src/app/page.tsx:3:1
Export Instagram doesn't exist in target module
  1 | import { prisma } from '@/lib/prisma'
  2 | import Link from 'next/link'
> 3 | import { Star, Phone, MapPin, Clock, Instagram, Scissors } from 'lucide-react'
    | ^^^^^^^^^^^^^^^^^^^^^^^^^^^^^^^^^^^^^^^^^^^^^^^^^^^^^^^^^^^^^^^^^^^^^^^^^^^^^^
  4 | import FadeIn from '@/components/FadeIn'
  5 |
  6 | export default async function HomePage() {

The export Instagram was not found in module [project]/node_modules/lucide-react/dist/esm/lucide-react.mjs [app-rsc] (ecmascript).
Did you mean to import Star?
All exports of the module are statically known (It doesn't have dynamic exports). So it's known statically that the requested export doesn't exist. 
[browser] ./src/app/page.tsx:4:1
Module not found: Can't resolve '@/components/FadeIn'
  2 | import Link from 'next/link'
  3 | import { Star, Phone, MapPin, Clock, Instagram, Scissors } from 'lucide-react'
> 4 | import FadeIn from '@/components/FadeIn'
    | ^^^^^^^^^^^^^^^^^^^^^^^^^^^^^^^^^^^^^^^^
  5 |
  6 | export default async function HomePage() {
  7 |   const barbers = await prisma.barber.findMany()

Import map: aliased to relative './src/components/FadeIn' inside of [project]/

https://nextjs.org/docs/messages/module-not-found 
[browser] ./src/app/page.tsx:3:1
Export Instagram doesn't exist in target module
  1 | import { prisma } from '@/lib/prisma'
  2 | import Link from 'next/link'
> 3 | import { Star, Phone, MapPin, Clock, Instagram, Scissors } from 'lucide-react'
    | ^^^^^^^^^^^^^^^^^^^^^^^^^^^^^^^^^^^^^^^^^^^^^^^^^^^^^^^^^^^^^^^^^^^^^^^^^^^^^^
  4 | import FadeIn from '@/components/FadeIn'
  5 |
  6 | export default async function HomePage() {

The export Instagram was not found in module [project]/node_modules/lucide-react/dist/esm/lucide-react.mjs [app-rsc] (ecmascript).
Did you mean to import Star?
All exports of the module are statically known (It doesn't have dynamic exports). So it's known statically that the requested export doesn't exist. 
⨯ ./src/app/page.tsx:3:1
Export Instagram doesn't exist in target module
  [90m1 |[0m [36mimport[0m { prisma } [36mfrom[0m [32m'@/lib/prisma'[0m
  [90m2 |[0m [36mimport[0m [33mLink[0m [36mfrom[0m [32m'next/link'[0m
[31m[1m>[0m [90m3 |[0m [36mimport[0m { [33mStar[0m, [33mPhone[0m, [33mMapPin[0m, [33mClock[0m, [33mInstagram[0m, [33mScissors[0m } [36mfrom[0m [32m'lucide-react'[0m
  [90m  |[0m [31m[1m^^^^^^^^^^^^^^^^^^^^^^^^^^^^^^^^^^^^^^^^^^^^^^^^^^^^^^^^^^^^^^^^^^^^^^^^^^^^^^[0m
  [90m4 |[0m [36mimport[0m [33mFadeIn[0m [36mfrom[0m [32m'@/components/FadeIn'[0m
  [90m5 |[0m
  [90m6 |[0m [36mexport[0m [36mdefault[0m [36masync[0m [36mfunction[0m [33mHomePage[0m() {

The export Instagram was not found in module [project]/node_modules/lucide-react/dist/esm/lucide-react.mjs [app-rsc] (ecmascript).
Did you mean to import Star?
All exports of the module are statically known (It doesn't have dynamic exports). So it's known statically that the requested export doesn't exist.


 GET / 500 in 29ms (next.js: 15ms, application-code: 14ms)
[browser] Uncaught Error: ./src/app/page.tsx:3:1
Export Instagram doesn't exist in target module
  1 | import { prisma } from '@/lib/prisma'
  2 | import Link from 'next/link'
> 3 | import { Star, Phone, MapPin, Clock, Instagram, Scissors } from 'lucide-react'
    | ^^^^^^^^^^^^^^^^^^^^^^^^^^^^^^^^^^^^^^^^^^^^^^^^^^^^^^^^^^^^^^^^^^^^^^^^^^^^^^
  4 | import FadeIn from '@/components/FadeIn'
  5 |
  6 | export default async function HomePage() {

The export Instagram was not found in module [project]/node_modules/lucide-react/dist/esm/lucide-react.mjs [app-rsc] (ecmascript).
Did you mean to import Star?
All exports of the module are statically known (It doesn't have dynamic exports). So it's known statically that the requested export doesn't exist.


    at <unknown> (Error: ./src/app/page.tsx:3:1)
    at <unknown> (Error: (./src/app/page.tsx:3:1)
[browser] ./src/app/page.tsx:3:1
Export Instagram doesn't exist in target module
  1 | import { prisma } from '@/lib/prisma'
  2 | import Link from 'next/link'
> 3 | import { Star, Phone, MapPin, Clock, Instagram, Scissors } from 'lucide-react'
    | ^^^^^^^^^^^^^^^^^^^^^^^^^^^^^^^^^^^^^^^^^^^^^^^^^^^^^^^^^^^^^^^^^^^^^^^^^^^^^^
  4 | import FadeIn from '@/components/FadeIn'
  5 |
  6 | export default async function HomePage() {

The export Instagram was not found in module [project]/node_modules/lucide-react/dist/esm/lucide-react.mjs [app-rsc] (ecmascript).
Did you mean to import Star?
All exports of the module are statically known (It doesn't have dynamic exports). So it's known statically that the requested export doesn't exist. 
[browser] ./src/app/page.tsx:3:1
Export Instagram doesn't exist in target module
  1 | import { prisma } from '@/lib/prisma'
  2 | import Link from 'next/link'
> 3 | import { Star, Phone, MapPin, Clock, Instagram, Scissors } from 'lucide-react'
    | ^^^^^^^^^^^^^^^^^^^^^^^^^^^^^^^^^^^^^^^^^^^^^^^^^^^^^^^^^^^^^^^^^^^^^^^^^^^^^^
  4 | import FadeIn from '@/components/FadeIn'
  5 |
  6 | export default async function HomePage() {

The export Instagram was not found in module [project]/node_modules/lucide-react/dist/esm/lucide-react.mjs [app-rsc] (ecmascript).
Did you mean to import Star?
All exports of the module are statically known (It doesn't have dynamic exports). So it's known statically that the requested export doesn't exist. 
 GET /booking 500 in 21ms (next.js: 8ms, application-code: 13ms)
[browser] Uncaught Error: ./src/app/page.tsx:3:1
Export Instagram doesn't exist in target module
  1 | import { prisma } from '@/lib/prisma'
  2 | import Link from 'next/link'
> 3 | import { Star, Phone, MapPin, Clock, Instagram, Scissors } from 'lucide-react'
    | ^^^^^^^^^^^^^^^^^^^^^^^^^^^^^^^^^^^^^^^^^^^^^^^^^^^^^^^^^^^^^^^^^^^^^^^^^^^^^^
  4 | import FadeIn from '@/components/FadeIn'
  5 |
  6 | export default async function HomePage() {

The export Instagram was not found in module [project]/node_modules/lucide-react/dist/esm/lucide-react.mjs [app-rsc] (ecmascript).
Did you mean to import Star?
All exports of the module are statically known (It doesn't have dynamic exports). So it's known statically that the requested export doesn't exist.


    at <unknown> (Error: ./src/app/page.tsx:3:1)
    at <unknown> (Error: (./src/app/page.tsx:3:1)
[browser] ./src/app/page.tsx:3:1
Export Instagram doesn't exist in target module
  1 | import { prisma } from '@/lib/prisma'
  2 | import Link from 'next/link'
> 3 | import { Star, Phone, MapPin, Clock, Instagram, Scissors } from 'lucide-react'
    | ^^^^^^^^^^^^^^^^^^^^^^^^^^^^^^^^^^^^^^^^^^^^^^^^^^^^^^^^^^^^^^^^^^^^^^^^^^^^^^
  4 | import FadeIn from '@/components/FadeIn'
  5 |
  6 | export default async function HomePage() {

The export Instagram was not found in module [project]/node_modules/lucide-react/dist/esm/lucide-react.mjs [app-rsc] (ecmascript).
Did you mean to import Star?
All exports of the module are statically known (It doesn't have dynamic exports). So it's known statically that the requested export doesn't exist. 
[browser] ./src/app/page.tsx:3:1
Export Instagram doesn't exist in target module
  1 | import { prisma } from '@/lib/prisma'
  2 | import Link from 'next/link'
> 3 | import { Star, Phone, MapPin, Clock, Instagram, Scissors } from 'lucide-react'
    | ^^^^^^^^^^^^^^^^^^^^^^^^^^^^^^^^^^^^^^^^^^^^^^^^^^^^^^^^^^^^^^^^^^^^^^^^^^^^^^
  4 | import FadeIn from '@/components/FadeIn'
  5 |
  6 | export default async function HomePage() {

The export Instagram was not found in module [project]/node_modules/lucide-react/dist/esm/lucide-react.mjs [app-rsc] (ecmascript).
Did you mean to import Star?
All exports of the module are statically known (It doesn't have dynamic exports). So it's known statically that the requested export doesn't exist. 
 GET /admin/login 500 in 51ms (next.js: 9ms, proxy.ts: 28ms, application-code: 14ms)
[browser] Uncaught Error: ./src/app/page.tsx:3:1
Export Instagram doesn't exist in target module
  1 | import { prisma } from '@/lib/prisma'
  2 | import Link from 'next/link'
> 3 | import { Star, Phone, MapPin, Clock, Instagram, Scissors } from 'lucide-react'
    | ^^^^^^^^^^^^^^^^^^^^^^^^^^^^^^^^^^^^^^^^^^^^^^^^^^^^^^^^^^^^^^^^^^^^^^^^^^^^^^
  4 | import FadeIn from '@/components/FadeIn'
  5 |
  6 | export default async function HomePage() {

The export Instagram was not found in module [project]/node_modules/lucide-react/dist/esm/lucide-react.mjs [app-rsc] (ecmascript).
Did you mean to import Star?
All exports of the module are statically known (It doesn't have dynamic exports). So it's known statically that the requested export doesn't exist.


    at <unknown> (Error: ./src/app/page.tsx:3:1)
    at <unknown> (Error: (./src/app/page.tsx:3:1)
[browser] ./src/app/page.tsx:3:1
Export Instagram doesn't exist in target module
  1 | import { prisma } from '@/lib/prisma'
  2 | import Link from 'next/link'
> 3 | import { Star, Phone, MapPin, Clock, Instagram, Scissors } from 'lucide-react'
    | ^^^^^^^^^^^^^^^^^^^^^^^^^^^^^^^^^^^^^^^^^^^^^^^^^^^^^^^^^^^^^^^^^^^^^^^^^^^^^^
  4 | import FadeIn from '@/components/FadeIn'
  5 |
  6 | export default async function HomePage() {

The export Instagram was not found in module [project]/node_modules/lucide-react/dist/esm/lucide-react.mjs [app-rsc] (ecmascript).
Did you mean to import Star?
All exports of the module are statically known (It doesn't have dynamic exports). So it's known statically that the requested export doesn't exist. 
[browser] ./src/app/page.tsx:3:1
Export Instagram doesn't exist in target module
  1 | import { prisma } from '@/lib/prisma'
  2 | import Link from 'next/link'
> 3 | import { Star, Phone, MapPin, Clock, Instagram, Scissors } from 'lucide-react'
    | ^^^^^^^^^^^^^^^^^^^^^^^^^^^^^^^^^^^^^^^^^^^^^^^^^^^^^^^^^^^^^^^^^^^^^^^^^^^^^^
  4 | import FadeIn from '@/components/FadeIn'
  5 |
  6 | export default async function HomePage() {

The export Instagram was not found in module [project]/node_modules/lucide-react/dist/esm/lucide-react.mjs [app-rsc] (ecmascript).
Did you mean to import Star?
All exports of the module are statically known (It doesn't have dynamic exports). So it's known statically that the requested export doesn't exist. 
✓ Compiled in 237ms
 GET / 200 in 792ms (next.js: 144ms, application-code: 648ms)
 GET /booking 404 in 113ms (next.js: 27ms, application-code: 85ms)
 GET /admin/login 200 in 131ms (next.js: 21ms, proxy.ts: 22ms, application-code: 87ms)
 HEAD / 200 in 109ms (next.js: 6ms, application-code: 104ms)

-----
[1m[31mFATAL[39m[0m: An unexpected Turbopack error occurred. A panic log has been written to /tmp/next-panic-7ca075adfaeb1cccedc6f57f2fc6bc0e.log.

To help make Turbopack better, report this error by clicking here: https://bugs.nextjs.org/search?category=turbopack-error-report&title=Turbopack%20Error%3A%20Next.js%20package%20not%20found&body=Turbopack%20version%3A%20%60ee6e79b1%60%0ANext.js%20version%3A%20%600.0.0%60%0A%0AError%20message%3A%0A%60%60%60%0ANext.js%20package%20not%20found%0A%0ADebug%20info%3A%0A-%20Execution%20of%20subscribe_issues_and_diags_operation%20failed%0A-%20Execution%20of%20endpoint_server_changed_operation%20failed%0A-%20Execution%20of%20pick_endpoint%20failed%0A-%20Execution%20of%20entrypoints_without_collectibles_operation%20failed%0A-%20Execution%20of%20Project%3A%3Aentrypoints_with_app_route_filter%20failed%0A-%20Execution%20of%20AppProject%3A%3Aroutes_with_filter%20failed%0A-%20Execution%20of%20directory_tree_to_entrypoints_internal%20failed%0A-%20Execution%20of%20directory_tree_to_loader_tree%20failed%0A-%20Next.js%20package%20not%20found%0A%60%60%60&labels=Turbopack,Turbopack%20Panic%20Backtrace
-----

Error: Turbopack build failed with 1 errors:
./src/app
Error: Next.js inferred your workspace root, but it may not be correct.
    We couldn't find the Next.js package (next/package.json) from the project directory: /app/src/app
     To fix this, set turbopack.root in your Next.js config, or ensure the Next.js package is resolvable from this directory.
    Note: For security and performance reasons, files outside of the project directory will not be compiled.
    See https://nextjs.org/docs/app/api-reference/config/next-config-js/turbopack#root-directory for more information.

    at ignore-listed frames
[?25h
